Using pre-set license
Built from '2022.3/staging' branch; Version is '2022.3.10f1 (ff3792e53c62) revision 16725906'; Using compiler version '192829333'; Build Type 'Release'
OS: 'Windows 10  (10.0.19045) 64bit Professional' Language: 'pt' Physical Memory: 16034 MB
BatchMode: 1, IsHumanControllingUs: 0, StartBugReporterOnCrash: 0, Is64bit: 1, IsPro: 1

COMMAND LINE ARGUMENTS:
C:\Program Files\Unity\Hub\Editor\2022.3.10f1\Editor\Unity.exe
-adb2
-batchMode
-noUpm
-name
AssetImportWorker1
-projectPath
C:/Users/24026511/Downloads/torreta
-logFile
Logs/AssetImportWorker1.log
-srvPort
51327
Successfully changed project path to: C:/Users/24026511/Downloads/torreta
C:/Users/24026511/Downloads/torreta
[UnityMemory] Configuration Parameters - Can be set up in boot.config
    "memorysetup-bucket-allocator-granularity=16"
    "memorysetup-bucket-allocator-bucket-count=8"
    "memorysetup-bucket-allocator-block-size=33554432"
    "memorysetup-bucket-allocator-block-count=8"
    "memorysetup-main-allocator-block-size=16777216"
    "memorysetup-thread-allocator-block-size=16777216"
    "memorysetup-gfx-main-allocator-block-size=16777216"
    "memorysetup-gfx-thread-allocator-block-size=16777216"
    "memorysetup-cache-allocator-block-size=4194304"
    "memorysetup-typetree-allocator-block-size=2097152"
    "memorysetup-profiler-bucket-allocator-granularity=16"
    "memorysetup-profiler-bucket-allocator-bucket-count=8"
    "memorysetup-profiler-bucket-allocator-block-size=33554432"
    "memorysetup-profiler-bucket-allocator-block-count=8"
    "memorysetup-profiler-allocator-block-size=16777216"
    "memorysetup-profiler-editor-allocator-block-size=1048576"
    "memorysetup-temp-allocator-size-main=16777216"
    "memorysetup-job-temp-allocator-block-size=2097152"
    "memorysetup-job-temp-allocator-block-size-background=1048576"
    "memorysetup-job-temp-allocator-reduction-small-platforms=262144"
    "memorysetup-allocator-temp-initial-block-size-main=262144"
    "memorysetup-allocator-temp-initial-block-size-worker=262144"
    "memorysetup-temp-allocator-size-background-worker=32768"
    "memorysetup-temp-allocator-size-job-worker=262144"
    "memorysetup-temp-allocator-size-preload-manager=33554432"
    "memorysetup-temp-allocator-size-nav-mesh-worker=65536"
    "memorysetup-temp-allocator-size-audio-worker=65536"
    "memorysetup-temp-allocator-size-cloud-worker=32768"
    "memorysetup-temp-allocator-size-gi-baking-worker=262144"
    "memorysetup-temp-allocator-size-gfx=262144"
Player connection [23540] Host "[IP] 132.1.20.31 [Port] 0 [Flags] 2 [Guid] 1795981401 [EditorId] 1795981401 [Version] 1048832 [Id] WindowsEditor(7,320-31) [Debug] 1 [PackageName] WindowsEditor [ProjectName] Editor" joined multi-casting on [225.0.0.222:54997]...

Player connection [23540] Host "[IP] 132.1.20.31 [Port] 0 [Flags] 2 [Guid] 1795981401 [EditorId] 1795981401 [Version] 1048832 [Id] WindowsEditor(7,320-31) [Debug] 1 [PackageName] WindowsEditor [ProjectName] Editor" joined alternative multi-casting on [225.0.0.222:34997]...

[Physics::Module] Initialized MultithreadedJobDispatcher with 23 workers.
Refreshing native plugins compatible for Editor in 38.53 ms, found 3 plugins.
Preloading 0 native plugins for Editor in 0.00 ms.
Initialize engine version: 2022.3.10f1 (ff3792e53c62)
[Subsystems] Discovering subsystems at path C:/Program Files/Unity/Hub/Editor/2022.3.10f1/Editor/Data/Resources/UnitySubsystems
[Subsystems] Discovering subsystems at path C:/Users/24026511/Downloads/torreta/Assets
GfxDevice: creating device client; threaded=0; jobified=0
Direct3D:
    Version:  Direct3D 11.0 [level 11.1]
    Renderer: NVIDIA GeForce RTX 3060 (ID=0x2504)
    Vendor:   NVIDIA
    VRAM:     12129 MB
    Driver:   31.0.15.3667
Initialize mono
Mono path[0] = 'C:/Program Files/Unity/Hub/Editor/2022.3.10f1/Editor/Data/Managed'
Mono path[1] = 'C:/Program Files/Unity/Hub/Editor/2022.3.10f1/Editor/Data/MonoBleedingEdge/lib/mono/unityjit-win32'
Mono config path = 'C:/Program Files/Unity/Hub/Editor/2022.3.10f1/Editor/Data/MonoBleedingEdge/etc'
Using monoOptions --debugger-agent=transport=dt_socket,embedding=1,server=y,suspend=n,address=127.0.0.1:56260
Begin MonoManager ReloadAssembly
Registering precompiled unity dll's ...
Register platform support module: C:/Program Files/Unity/Hub/Editor/2022.3.10f1/Editor/Data/PlaybackEngines/AndroidPlayer/UnityEditor.Android.Extensions.dll
Register platform support module: C:/Program Files/Unity/Hub/Editor/2022.3.10f1/Editor/Data/PlaybackEngines/WindowsStandaloneSupport/UnityEditor.WindowsStandalone.Extensions.dll
Registered in 0.017390 seconds.
- Loaded All Assemblies, in  0.388 seconds
Native extension for WindowsStandalone target not found
Native extension for Android target not found
Mono: successfully reloaded assembly
- Finished resetting the current domain, in  0.284 seconds
Domain Reload Profiling: 665ms
	BeginReloadAssembly (124ms)
		ExecutionOrderSort (0ms)
		DisableScriptedObjects (0ms)
		BackupInstance (0ms)
		ReleaseScriptingObjects (0ms)
		CreateAndSetChildDomain (1ms)
	RebuildCommonClasses (31ms)
	RebuildNativeTypeToScriptingClass (10ms)
	initialDomainReloadingComplete (79ms)
	LoadAllAssembliesAndSetupDomain (137ms)
		LoadAssemblies (118ms)
		RebuildTransferFunctionScriptingTraits (0ms)
		AnalyzeDomain (134ms)
			TypeCache.Refresh (133ms)
				TypeCache.ScanAssembly (119ms)
			ScanForSourceGeneratedMonoScriptInfo (0ms)
			ResolveRequiredComponents (0ms)
	FinalizeReload (284ms)
		ReleaseScriptCaches (0ms)
		RebuildScriptCaches (0ms)
		SetupLoadedEditorAssemblies (230ms)
			LogAssemblyErrors (0ms)
			InitializePlatformSupportModulesInManaged (85ms)
			SetLoadedEditorAssemblies (4ms)
			RefreshPlugins (0ms)
			BeforeProcessingInitializeOnLoad (2ms)
			ProcessInitializeOnLoadAttributes (96ms)
			ProcessInitializeOnLoadMethodAttributes (44ms)
			AfterProcessingInitializeOnLoad (0ms)
			EditorAssembliesLoaded (0ms)
		ExecutionOrderSort2 (0ms)
		AwakeInstancesAfterBackupRestoration (0ms)
========================================================================
Worker process is ready to serve import requests
Begin MonoManager ReloadAssembly
Symbol file LoadedFromMemory is not a mono symbol file
- Loaded All Assemblies, in  0.810 seconds
Refreshing native plugins compatible for Editor in 21.22 ms, found 3 plugins.
Native extension for WindowsStandalone target not found
Native extension for Android target not found
Package Manager log level set to [2]
[Package Manager] Server::EnsureServerProcessIsRunning -- launch failed, reason: Unity was launched with the -noUpm command-line argument
[Package Manager] UpmClient::Send -- Unable to send message (not connected to UPM process).
[Package Manager] Cannot connect to Unity Package Manager local server
Mono: successfully reloaded assembly
- Finished resetting the current domain, in  0.698 seconds
Domain Reload Profiling: 1493ms
	BeginReloadAssembly (124ms)
		ExecutionOrderSort (0ms)
		DisableScriptedObjects (5ms)
		BackupInstance (0ms)
		ReleaseScriptingObjects (0ms)
		CreateAndSetChildDomain (21ms)
	RebuildCommonClasses (30ms)
	RebuildNativeTypeToScriptingClass (10ms)
	initialDomainReloadingComplete (60ms)
	LoadAllAssembliesAndSetupDomain (571ms)
		LoadAssemblies (437ms)
		RebuildTransferFunctionScriptingTraits (0ms)
		AnalyzeDomain (200ms)
			TypeCache.Refresh (169ms)
				TypeCache.ScanAssembly (149ms)
			ScanForSourceGeneratedMonoScriptInfo (22ms)
			ResolveRequiredComponents (8ms)
	FinalizeReload (698ms)
		ReleaseScriptCaches (0ms)
		RebuildScriptCaches (0ms)
		SetupLoadedEditorAssemblies (550ms)
			LogAssemblyErrors (0ms)
			InitializePlatformSupportModulesInManaged (30ms)
			SetLoadedEditorAssemblies (3ms)
			RefreshPlugins (0ms)
			BeforeProcessingInitializeOnLoad (88ms)
			ProcessInitializeOnLoadAttributes (266ms)
			ProcessInitializeOnLoadMethodAttributes (143ms)
			AfterProcessingInitializeOnLoad (20ms)
			EditorAssembliesLoaded (0ms)
		ExecutionOrderSort2 (0ms)
		AwakeInstancesAfterBackupRestoration (6ms)
Launched and connected shader compiler UnityShaderCompiler.exe after 0.03 seconds
Refreshing native plugins compatible for Editor in 12.90 ms, found 3 plugins.
Preloading 0 native plugins for Editor in 0.00 ms.
Unloading 4233 Unused Serialized files (Serialized files now loaded: 0)
Unloading 71 unused Assets / (72.8 KB). Loaded Objects now: 4673.
Memory consumption went from 146.7 MB to 146.6 MB.
Total: 4.440600 ms (FindLiveObjects: 0.166300 ms CreateObjectMapping: 0.052800 ms MarkObjects: 4.128400 ms  DeleteObjects: 0.092400 ms)

AssetImportParameters requested are different than current active one (requested -> active):
  custom:container-demuxer-ogg: 62fdf1f143b41e24485cea50d1cbac27 -> 
  custom:video-decoder-ogg-theora: a1e56fd34408186e4bbccfd4996cb3dc -> 
  custom:framework-win-MediaFoundation: 216162199b28c13a410421893ffa2e32 -> 
  custom:container-demuxer-webm: 4f35f7cbe854078d1ac9338744f61a02 -> 
  custom:container-muxer-webm: aa71ff27fc2769a1b78a27578f13a17b -> 
  custom:video-decoder-webm-vp8: 9c59270c3fd7afecdb556c50c9e8de78 -> 
  custom:AudioImporter_EditorPlatform: d09bf68614088b80899f8185d706f6e7 -> 
  custom:video-encoder-webm-vp8: eb34c28f22e8b96e1ab97ce403110664 -> 
  custom:audio-decoder-ogg-vorbis: bf7c407c2cedff20999df2af8eb42d56 -> 
  custom:audio-encoder-webm-vorbis: bf7c407c2cedff20999df2af8eb42d56 -> 
========================================================================
Received Import Request.
  Time since last request: 3696.009392 seconds.
  path: Assets/ground.mat
  artifactKey: Guid(e830c8b5da214ff489c4a6aa65ec0489) Importer(815301076,1909f56bfc062723c751e8b465ee728b)
Start importing Assets/ground.mat using Guid(e830c8b5da214ff489c4a6aa65ec0489) Importer(815301076,1909f56bfc062723c751e8b465ee728b)  -> (artifact id: 'd4eaedc19b49ca569756898ebbed3d61') in 0.188166 seconds
Number of updated asset objects reloaded before import = 0
Number of asset objects unloaded after import = 1
========================================================================
Received Import Request.
  Time since last request: 48.188403 seconds.
  path: Assets/tower-defense-assets/Models/GameObject 1.prefab
  artifactKey: Guid(8852e1b1fe9635a4a96b77d7de44ee06) Importer(815301076,1909f56bfc062723c751e8b465ee728b)
Start importing Assets/tower-defense-assets/Models/GameObject 1.prefab using Guid(8852e1b1fe9635a4a96b77d7de44ee06) Importer(815301076,1909f56bfc062723c751e8b465ee728b)  -> (artifact id: 'c93a41dfcb95ad31eb06ce505e80370c') in 0.007759 seconds
Number of updated asset objects reloaded before import = 0
Number of asset objects unloaded after import = 4
========================================================================
Received Import Request.
  Time since last request: 0.002487 seconds.
  path: Assets/tower-defense-assets/Models/Turret.blend
  artifactKey: Guid(ebe40f1b1cccf1e4da94d880f1715652) Importer(815301076,1909f56bfc062723c751e8b465ee728b)
Start importing Assets/tower-defense-assets/Models/Turret.blend using Guid(ebe40f1b1cccf1e4da94d880f1715652) Importer(815301076,1909f56bfc062723c751e8b465ee728b)  -> (artifact id: 'c2dab3cc8e6596acfce3dddc690da605') in 0.057804 seconds
Number of updated asset objects reloaded before import = 0
Number of asset objects unloaded after import = 17
========================================================================
Received Import Request.
  Time since last request: 0.000018 seconds.
  path: Assets/tower-defense-assets/Models/Turret with panels.fbx
  artifactKey: Guid(f2ff948ec753b644a91935652589033d) Importer(815301076,1909f56bfc062723c751e8b465ee728b)
Start importing Assets/tower-defense-assets/Models/Turret with panels.fbx using Guid(f2ff948ec753b644a91935652589033d) Importer(815301076,1909f56bfc062723c751e8b465ee728b)  -> (artifact id: '955c3c78a051ecdefee71fcf25adc7d4') in 0.034020 seconds
Number of updated asset objects reloaded before import = 0
Number of asset objects unloaded after import = 17
========================================================================
Received Import Request.
  Time since last request: 0.000019 seconds.
  path: Assets/tower-defense-assets/Models/Turret.fbx
  artifactKey: Guid(f36f21f66ba26014a9d33b9a5f0bff64) Importer(815301076,1909f56bfc062723c751e8b465ee728b)
Start importing Assets/tower-defense-assets/Models/Turret.fbx using Guid(f36f21f66ba26014a9d33b9a5f0bff64) Importer(815301076,1909f56bfc062723c751e8b465ee728b)  -> (artifact id: '72b6e313142a720daf252911d0e37867') in 0.027576 seconds
Number of updated asset objects reloaded before import = 0
Number of asset objects unloaded after import = 17
========================================================================
Received Prepare
Refreshing native plugins compatible for Editor in 19.86 ms, found 3 plugins.
Preloading 0 native plugins for Editor in 0.00 ms.
Unloading 0 Unused Serialized files (Serialized files now loaded: 0)
Unloading 1 unused Assets / (0.8 KB). Loaded Objects now: 4717.
Memory consumption went from 79.2 MB to 79.2 MB.
Total: 5.716400 ms (FindLiveObjects: 0.293900 ms CreateObjectMapping: 0.087700 ms MarkObjects: 5.318200 ms  DeleteObjects: 0.015800 ms)

Prepare: number of updated asset objects reloaded= 0
AssetImportParameters requested are different than current active one (requested -> active):
  custom:container-demuxer-ogg: 62fdf1f143b41e24485cea50d1cbac27 -> 
  custom:video-decoder-ogg-theora: a1e56fd34408186e4bbccfd4996cb3dc -> 
  custom:framework-win-MediaFoundation: 216162199b28c13a410421893ffa2e32 -> 
  custom:CustomObjectIndexerAttribute: 756ad292c208cfabdd7b50bc23989ffe -> 
  custom:container-demuxer-webm: 4f35f7cbe854078d1ac9338744f61a02 -> 
  custom:container-muxer-webm: aa71ff27fc2769a1b78a27578f13a17b -> 
  custom:video-decoder-webm-vp8: 9c59270c3fd7afecdb556c50c9e8de78 -> 
  custom:SearchIndexIgnoredProperties: e643bd26f0fe6173181afceb89e7c659 -> 
  custom:AudioImporter_EditorPlatform: d09bf68614088b80899f8185d706f6e7 -> 
  custom:video-encoder-webm-vp8: eb34c28f22e8b96e1ab97ce403110664 -> 
  custom:audio-decoder-ogg-vorbis: bf7c407c2cedff20999df2af8eb42d56 -> 
  custom:audio-encoder-webm-vorbis: bf7c407c2cedff20999df2af8eb42d56 -> 
========================================================================
Received Import Request.
  Time since last request: 117.944925 seconds.
  path: Assets/tower-defense-assets/Models/Laser Beamer/Laser Beamer.fbx
  artifactKey: Guid(f443263c182380a439a2215ed094bdd6) Importer(815301076,1909f56bfc062723c751e8b465ee728b)
Start importing Assets/tower-defense-assets/Models/Laser Beamer/Laser Beamer.fbx using Guid(f443263c182380a439a2215ed094bdd6) Importer(815301076,1909f56bfc062723c751e8b465ee728b)  -> (artifact id: '0a71c9adec5771db7003a077482f2de4') in 0.093176 seconds
Number of updated asset objects reloaded before import = 0
Number of asset objects unloaded after import = 19
========================================================================
Received Import Request.
  Time since last request: 0.000015 seconds.
  path: Assets/tower-defense-assets/Models/Missile Launcher/Missile Launcher.fbx
  artifactKey: Guid(bba33afabf446d74090d1cca297a954d) Importer(815301076,1909f56bfc062723c751e8b465ee728b)
Start importing Assets/tower-defense-assets/Models/Missile Launcher/Missile Launcher.fbx using Guid(bba33afabf446d74090d1cca297a954d) Importer(815301076,1909f56bfc062723c751e8b465ee728b)  -> (artifact id: '0682bc56cf2edd656a70ca45b4928564') in 0.098233 seconds
Number of updated asset objects reloaded before import = 0
Number of asset objects unloaded after import = 23
========================================================================
Received Import Request.
  Time since last request: 0.000019 seconds.
  path: Assets/tower-defense-assets/Models/Standard Turret/Turret.blend
  artifactKey: Guid(e9b7e0e049117f740a28f3ce30e5458e) Importer(815301076,1909f56bfc062723c751e8b465ee728b)
Start importing Assets/tower-defense-assets/Models/Standard Turret/Turret.blend using Guid(e9b7e0e049117f740a28f3ce30e5458e) Importer(815301076,1909f56bfc062723c751e8b465ee728b)  -> (artifact id: 'bf4494218fa946e70e77f83433040671') in 0.023957 seconds
Number of updated asset objects reloaded before import = 0
Number of asset objects unloaded after import = 17
========================================================================
Received Import Request.
  Time since last request: 0.000013 seconds.
  path: Assets/tower-defense-assets/Models/Missile Launcher/Missile Launcher.blend
  artifactKey: Guid(20ccdfdcc5311e044a5a1aa24ab95f96) Importer(815301076,1909f56bfc062723c751e8b465ee728b)
Start importing Assets/tower-defense-assets/Models/Missile Launcher/Missile Launcher.blend using Guid(20ccdfdcc5311e044a5a1aa24ab95f96) Importer(815301076,1909f56bfc062723c751e8b465ee728b)  -> (artifact id: 'feca827e14f70961e3d2113b883cab52') in 0.037844 seconds
Number of updated asset objects reloaded before import = 0
Number of asset objects unloaded after import = 23
========================================================================
Received Import Request.
  Time since last request: 0.405088 seconds.
  path: Assets/tower-defense-assets/Models/Standard Turret/GameObject.prefab
  artifactKey: Guid(0424c1194e65b1e4ab7d07afaf8606f8) Importer(815301076,1909f56bfc062723c751e8b465ee728b)
Start importing Assets/tower-defense-assets/Models/Standard Turret/GameObject.prefab using Guid(0424c1194e65b1e4ab7d07afaf8606f8) Importer(815301076,1909f56bfc062723c751e8b465ee728b)  -> (artifact id: '09b86fd0383201671ccc5c698135a141') in 0.002466 seconds
Number of updated asset objects reloaded before import = 0
Number of asset objects unloaded after import = 4
========================================================================
Received Import Request.
  Time since last request: 0.000010 seconds.
  path: Packages/com.unity.xr.legacyinputhelpers/Prefabs/XRRig.prefab
  artifactKey: Guid(c116b7497ab8ca34c9188965d4295e27) Importer(815301076,1909f56bfc062723c751e8b465ee728b)
Start importing Packages/com.unity.xr.legacyinputhelpers/Prefabs/XRRig.prefab using Guid(c116b7497ab8ca34c9188965d4295e27) Importer(815301076,1909f56bfc062723c751e8b465ee728b)  -> (artifact id: '7badd29e8768403dd16abf759681b268') in 0.004840 seconds
Number of updated asset objects reloaded before import = 0
Number of asset objects unloaded after import = 11
========================================================================
Received Import Request.
  Time since last request: 0.719016 seconds.
  path: Assets/tower-defense-assets/Models/Standard Turret/materiais/Turret_Metal.mat
  artifactKey: Guid(8b8d1e4ad5d9fd5408c60e7d41bf631c) Importer(815301076,1909f56bfc062723c751e8b465ee728b)
Start importing Assets/tower-defense-assets/Models/Standard Turret/materiais/Turret_Metal.mat using Guid(8b8d1e4ad5d9fd5408c60e7d41bf631c) Importer(815301076,1909f56bfc062723c751e8b465ee728b)  -> (artifact id: '8567bf6db7a6437e8f368100a6f4b227') in 0.008554 seconds
Number of updated asset objects reloaded before import = 0
Number of asset objects unloaded after import = 1
========================================================================
Received Import Request.
  Time since last request: 798.165829 seconds.
  path: Assets/tower-defense-assets/Sprites/LaserBeamerIcon_PSD.psd
  artifactKey: Guid(141b0b43bb6043747bfb01112a7fc772) Importer(815301076,1909f56bfc062723c751e8b465ee728b)
Start importing Assets/tower-defense-assets/Sprites/LaserBeamerIcon_PSD.psd using Guid(141b0b43bb6043747bfb01112a7fc772) Importer(815301076,1909f56bfc062723c751e8b465ee728b)  -> (artifact id: 'c81dae82668b167c279b5504b2a944a5') in 0.095005 seconds
Number of updated asset objects reloaded before import = 0
Number of asset objects unloaded after import = 2
========================================================================
Received Import Request.
  Time since last request: 0.000014 seconds.
  path: Assets/tower-defense-assets/Sprites/MissileLauncherIcon.png
  artifactKey: Guid(22656f14a2fec12439a45f6b6065f9dd) Importer(815301076,1909f56bfc062723c751e8b465ee728b)
Start importing Assets/tower-defense-assets/Sprites/MissileLauncherIcon.png using Guid(22656f14a2fec12439a45f6b6065f9dd) Importer(815301076,1909f56bfc062723c751e8b465ee728b)  -> (artifact id: '63a6a1fc0075ad68207336bb53abffd1') in 0.029865 seconds
Number of updated asset objects reloaded before import = 0
Number of asset objects unloaded after import = 2
========================================================================
Received Import Request.
  Time since last request: 0.000013 seconds.
  path: Assets/tower-defense-assets/Sprites/MissileLauncherIcon_PSD.psd
  artifactKey: Guid(c0a7bf1828026ff4f8ec4e84d9dc9c9e) Importer(815301076,1909f56bfc062723c751e8b465ee728b)
Start importing Assets/tower-defense-assets/Sprites/MissileLauncherIcon_PSD.psd using Guid(c0a7bf1828026ff4f8ec4e84d9dc9c9e) Importer(815301076,1909f56bfc062723c751e8b465ee728b)  -> (artifact id: 'b5c7afc44c1b143fd74da7ed42967979') in 0.021063 seconds
Number of updated asset objects reloaded before import = 0
Number of asset objects unloaded after import = 2
========================================================================
Received Import Request.
  Time since last request: 0.000015 seconds.
  path: Assets/tower-defense-assets/Sprites/StandardTurretIcon.png
  artifactKey: Guid(11898546d7e0f2442ba118fb80549c18) Importer(815301076,1909f56bfc062723c751e8b465ee728b)
Start importing Assets/tower-defense-assets/Sprites/StandardTurretIcon.png using Guid(11898546d7e0f2442ba118fb80549c18) Importer(815301076,1909f56bfc062723c751e8b465ee728b)  -> (artifact id: '326908d0931ce1951562d130c2b6803a') in 0.021312 seconds
Number of updated asset objects reloaded before import = 0
Number of asset objects unloaded after import = 2
========================================================================
Received Prepare
Begin MonoManager ReloadAssembly
Symbol file LoadedFromMemory is not a mono symbol file
- Loaded All Assemblies, in  0.727 seconds
Refreshing native plugins compatible for Editor in 18.64 ms, found 3 plugins.
Native extension for WindowsStandalone target not found
Native extension for Android target not found
[Package Manager] Server::EnsureServerProcessIsRunning -- launch failed, reason: Unity was launched with the -noUpm command-line argument
[Package Manager] UpmClient::Send -- Unable to send message (not connected to UPM process).
[Package Manager] Cannot connect to Unity Package Manager local server
Mono: successfully reloaded assembly
- Finished resetting the current domain, in  1.304 seconds
Domain Reload Profiling: 2015ms
	BeginReloadAssembly (194ms)
		ExecutionOrderSort (0ms)
		DisableScriptedObjects (5ms)
		BackupInstance (0ms)
		ReleaseScriptingObjects (0ms)
		CreateAndSetChildDomain (44ms)
	RebuildCommonClasses (32ms)
	RebuildNativeTypeToScriptingClass (11ms)
	initialDomainReloadingComplete (53ms)
	LoadAllAssembliesAndSetupDomain (420ms)
		LoadAssemblies (499ms)
		RebuildTransferFunctionScriptingTraits (0ms)
		AnalyzeDomain (21ms)
			TypeCache.Refresh (10ms)
				TypeCache.ScanAssembly (0ms)
			ScanForSourceGeneratedMonoScriptInfo (6ms)
			ResolveRequiredComponents (4ms)
	FinalizeReload (1304ms)
		ReleaseScriptCaches (0ms)
		RebuildScriptCaches (0ms)
		SetupLoadedEditorAssemblies (494ms)
			LogAssemblyErrors (0ms)
			InitializePlatformSupportModulesInManaged (26ms)
			SetLoadedEditorAssemblies (4ms)
			RefreshPlugins (0ms)
			BeforeProcessingInitializeOnLoad (84ms)
			ProcessInitializeOnLoadAttributes (230ms)
			ProcessInitializeOnLoadMethodAttributes (132ms)
			AfterProcessingInitializeOnLoad (18ms)
			EditorAssembliesLoaded (0ms)
		ExecutionOrderSort2 (0ms)
		AwakeInstancesAfterBackupRestoration (6ms)
Refreshing native plugins compatible for Editor in 20.27 ms, found 3 plugins.
Preloading 0 native plugins for Editor in 0.00 ms.
Unloading 4224 Unused Serialized files (Serialized files now loaded: 0)
Unloading 56 unused Assets / (46.3 KB). Loaded Objects now: 4721.
Memory consumption went from 144.9 MB to 144.8 MB.
Total: 5.639500 ms (FindLiveObjects: 0.304700 ms CreateObjectMapping: 0.094300 ms MarkObjects: 5.174200 ms  DeleteObjects: 0.065700 ms)

Prepare: number of updated asset objects reloaded= 0
AssetImportParameters requested are different than current active one (requested -> active):
  custom:container-demuxer-ogg: 62fdf1f143b41e24485cea50d1cbac27 -> 
  custom:video-decoder-ogg-theora: a1e56fd34408186e4bbccfd4996cb3dc -> 
  custom:framework-win-MediaFoundation: 216162199b28c13a410421893ffa2e32 -> 
  custom:CustomObjectIndexerAttribute: 756ad292c208cfabdd7b50bc23989ffe -> 
  custom:container-demuxer-webm: 4f35f7cbe854078d1ac9338744f61a02 -> 
  custom:container-muxer-webm: aa71ff27fc2769a1b78a27578f13a17b -> 
  custom:video-decoder-webm-vp8: 9c59270c3fd7afecdb556c50c9e8de78 -> 
  custom:SearchIndexIgnoredProperties: e643bd26f0fe6173181afceb89e7c659 -> 
  custom:AudioImporter_EditorPlatform: d09bf68614088b80899f8185d706f6e7 -> 
  custom:video-encoder-webm-vp8: eb34c28f22e8b96e1ab97ce403110664 -> 
  custom:audio-decoder-ogg-vorbis: bf7c407c2cedff20999df2af8eb42d56 -> 
  custom:audio-encoder-webm-vorbis: bf7c407c2cedff20999df2af8eb42d56 -> 
========================================================================
Received Import Request.
  Time since last request: 4807.406779 seconds.
  path: Assets/New Material.mat
  artifactKey: Guid(0e8e62b5e5ae7a249970dce2f66db5c0) Importer(815301076,1909f56bfc062723c751e8b465ee728b)
Start importing Assets/New Material.mat using Guid(0e8e62b5e5ae7a249970dce2f66db5c0) Importer(815301076,1909f56bfc062723c751e8b465ee728b)  -> (artifact id: 'd21ccc29c9e0a8d052aef3d199a14132') in 0.261601 seconds
Number of updated asset objects reloaded before import = 0
Number of asset objects unloaded after import = 1
